SF:lib/job_details.dart
DA:8,2
DA:10,1
DA:12,1
DA:13,1
DA:14,1
DA:15,1
DA:17,1
DA:19,1
DA:21,0
DA:22,0
DA:24,0
DA:25,0
DA:30,1
DA:31,1
DA:32,1
DA:33,1
DA:34,1
DA:35,1
DA:37,1
DA:38,1
DA:41,1
DA:42,1
DA:50,1
DA:52,1
DA:54,1
DA:55,1
DA:61,1
DA:66,1
DA:68,1
DA:71,1
DA:89,1
DA:90,1
DA:92,0
DA:95,1
DA:100,1
LF:35
LH:30
end_of_record
SF:lib/job_listings.dart
DA:8,2
DA:10,1
DA:12,1
DA:13,1
DA:14,1
DA:15,1
DA:16,1
DA:20,1
DA:21,1
DA:22,1
DA:23,0
DA:24,0
DA:26,0
DA:27,0
DA:29,1
DA:31,1
DA:32,1
DA:35,1
DA:36,1
DA:37,1
DA:42,1
DA:44,1
DA:45,1
DA:49,1
DA:51,1
DA:53,1
DA:54,1
DA:57,1
DA:59,1
DA:60,1
LF:30
LH:26
end_of_record
