SF:lib/methods/populate_adverts.dart
DA:8,1
DA:9,1
DA:11,1
DA:12,0
DA:13,0
LF:5
LH:3
end_of_record
SF:lib/methods/populate_bids.dart
DA:5,0
DA:6,0
DA:9,0
DA:10,0
DA:21,0
DA:24,0
DA:26,0
DA:28,0
DA:30,0
DA:33,0
DA:34,0
DA:38,0
DA:39,0
LF:13
LH:0
end_of_record
SF:lib/pages/advert_details.dart
DA:17,0
DA:19,0
DA:21,0
DA:22,0
DA:23,0
DA:24,0
DA:25,0
DA:26,0
DA:27,0
DA:28,0
DA:29,0
DA:30,0
DA:34,0
DA:36,0
DA:39,0
DA:40,0
DA:41,0
DA:42,0
DA:58,0
DA:77,0
DA:78,0
DA:79,0
DA:81,0
DA:87,0
DA:99,0
DA:101,0
DA:102,0
DA:103,0
DA:104,0
DA:105,0
DA:106,0
DA:117,0
LF:32
LH:0
end_of_record
SF:lib/widgets/place_bid_popup.dart
DA:12,0
DA:15,0
DA:17,0
DA:18,0
DA:24,0
DA:26,0
DA:27,0
DA:28,0
DA:29,0
DA:30,0
DA:31,0
DA:38,0
DA:39,0
DA:40,0
DA:42,0
DA:44,0
DA:45,0
DA:47,0
DA:48,0
DA:49,0
DA:55,0
DA:67,0
DA:68,0
DA:71,0
DA:72,0
DA:73,0
DA:75,0
DA:76,0
DA:77,0
DA:94,0
DA:96,0
DA:97,0
DA:98,0
DA:99,0
DA:101,0
DA:102,0
DA:113,0
LF:37
LH:0
end_of_record
SF:lib/pages/tradesman_listings.dart
DA:11,2
DA:13,1
DA:15,1
DA:16,1
DA:17,1
DA:18,1
DA:19,1
DA:21,1
DA:22,1
DA:23,2
DA:24,2
DA:25,1
DA:26,3
DA:27,1
DA:29,1
DA:33,1
DA:34,1
DA:45,0
DA:60,2
DA:61,1
DA:62,1
DA:63,3
DA:64,0
DA:72,1
LF:24
LH:22
end_of_record
