TN:
SF:libs\amplify\amplify\backend\function\acceptBidResolver\src\index.js
FN:11,(anonymous_0)
FN:26,(anonymous_1)
FNF:2
FNH:2
FNDA:1,(anonymous_0)
FNDA:1,(anonymous_1)
DA:1,1
DA:2,1
DA:3,1
DA:11,1
DA:13,1
DA:26,1
DA:29,1
DA:37,1
DA:38,1
DA:39,1
DA:44,1
DA:56,1
DA:68,1
DA:70,1
LF:14
LH:14
BRF:0
BRH:0
end_of_record
TN:
SF:libs\amplify\amplify\backend\function\addAdvertReportResolver\src\index.js
FN:8,(anonymous_0)
FN:18,(anonymous_1)
FN:38,(anonymous_2)
FN:40,(anonymous_3)
FNF:4
FNH:3
FNDA:1,(anonymous_0)
FNDA:1,(anonymous_1)
FNDA:1,(anonymous_2)
FNDA:0,(anonymous_3)
DA:1,1
DA:2,1
DA:3,1
DA:8,1
DA:10,1
DA:18,1
DA:20,1
DA:21,1
DA:22,1
DA:23,1
DA:38,1
DA:40,0
DA:41,0
DA:44,1
DA:46,1
DA:51,1
DA:53,1
DA:57,1
DA:58,1
DA:59,1
DA:60,1
DA:61,1
DA:62,1
DA:63,1
DA:65,1
LF:25
LH:23
BRDA:20,0,0,1
BRDA:20,0,1,0
BRDA:40,1,0,0
BRDA:40,1,1,0
BRDA:53,2,0,0
BRDA:53,2,1,1
BRF:6
BRH:2
end_of_record
TN:
SF:libs\amplify\amplify\backend\function\addReviewResolver\src\index.js
FN:10,(anonymous_0)
FNF:1
FNH:1
FNDA:1,(anonymous_0)
DA:1,1
DA:2,1
DA:3,1
DA:4,1
DA:10,1
DA:12,1
DA:13,1
DA:14,1
DA:16,1
DA:22,1
DA:45,1
DA:49,1
DA:50,1
DA:65,1
DA:70,1
DA:72,1
LF:16
LH:16
BRF:0
BRH:0
end_of_record
TN:
SF:libs\amplify\amplify\backend\function\closeAdvertResolver\src\index.js
FN:11,(anonymous_0)
FNF:1
FNH:1
FNDA:1,(anonymous_0)
DA:1,1
DA:2,1
DA:3,1
DA:11,1
DA:13,1
DA:14,1
DA:15,1
DA:16,1
DA:17,1
DA:19,1
DA:20,1
DA:32,1
DA:35,1
DA:45,1
DA:46,1
DA:47,1
DA:48,1
DA:51,0
DA:52,0
LF:19
LH:17
BRF:0
BRH:0
end_of_record
TN:
SF:libs\amplify\amplify\backend\function\createAdvertResolver\src\index.js
FN:21,(anonymous_0)
FNF:1
FNH:1
FNDA:4,(anonymous_0)
DA:1,4
DA:2,4
DA:3,4
DA:21,4
DA:22,4
DA:25,4
DA:26,4
DA:28,4
DA:44,4
DA:118,4
DA:119,4
DA:120,4
LF:12
LH:12
BRF:0
BRH:0
end_of_record
TN:
SF:libs\amplify\amplify\backend\function\createChatResolver\src\index.js
FN:11,(anonymous_0)
FNF:1
FNH:1
FNDA:1,(anonymous_0)
DA:4,1
DA:5,1
DA:6,1
DA:11,1
DA:12,1
DA:13,1
DA:15,1
DA:46,1
LF:8
LH:8
BRF:0
BRH:0
end_of_record
TN:
SF:libs\amplify\amplify\backend\function\deleteAdvertResolver\src\index.js
FN:13,(anonymous_0)
FNF:1
FNH:1
FNDA:4,(anonymous_0)
DA:1,4
DA:2,4
DA:3,4
DA:13,4
DA:14,4
DA:15,4
DA:24,4
DA:28,4
DA:30,4
DA:31,4
DA:33,0
LF:11
LH:10
BRF:0
BRH:0
end_of_record
TN:
SF:libs\amplify\amplify\backend\function\deleteBidResolver\src\index.js
FN:12,(anonymous_0)
FN:23,(anonymous_1)
FNF:2
FNH:2
FNDA:2,(anonymous_0)
FNDA:2,(anonymous_1)
DA:1,2
DA:2,2
DA:3,2
DA:4,2
DA:12,2
DA:13,2
DA:23,2
DA:26,2
DA:31,2
DA:32,2
DA:34,2
LF:11
LH:11
BRF:0
BRH:0
end_of_record
TN:
SF:libs\amplify\amplify\backend\function\editAdvertResolver\src\index.js
FN:16,(anonymous_0)
FN:82,(anonymous_1)
FNF:2
FNH:2
FNDA:1,(anonymous_0)
FNDA:1,(anonymous_1)
DA:1,1
DA:2,1
DA:3,1
DA:16,1
DA:18,1
DA:26,1
DA:27,1
DA:29,1
DA:30,0
DA:33,1
DA:34,1
DA:35,1
DA:36,1
DA:37,1
DA:39,1
DA:40,1
DA:41,1
DA:43,1
DA:44,1
DA:45,1
DA:47,1
DA:48,0
DA:49,0
DA:51,1
DA:52,0
DA:53,0
DA:56,1
DA:57,1
DA:58,2
DA:59,1
DA:61,1
DA:64,1
DA:65,1
DA:66,1
DA:67,1
DA:68,1
DA:70,1
DA:82,1
DA:84,1
DA:85,1
DA:87,1
LF:41
LH:36
BRDA:29,0,0,0
BRDA:29,0,1,1
BRDA:35,1,0,1
BRDA:35,1,1,0
BRDA:39,2,0,1
BRDA:39,2,1,0
BRDA:43,3,0,1
BRDA:43,3,1,0
BRDA:47,4,0,0
BRDA:47,4,1,1
BRDA:51,5,0,0
BRDA:51,5,1,1
BRF:12
BRH:6
end_of_record
TN:
SF:libs\amplify\amplify\backend\function\editBidResolver\src\index.js
FN:10,(anonymous_0)
FNF:1
FNH:1
FNDA:1,(anonymous_0)
DA:1,1
DA:2,1
DA:3,1
DA:10,1
DA:11,1
DA:12,1
DA:13,1
DA:15,1
DA:17,1
DA:18,1
DA:20,1
DA:22,1
DA:23,1
DA:26,1
DA:27,1
DA:28,1
DA:29,1
DA:31,1
DA:33,1
DA:34,1
DA:36,1
DA:47,1
DA:50,1
DA:58,1
DA:60,1
DA:63,0
LF:26
LH:25
BRDA:15,0,0,1
BRDA:15,0,1,0
BRDA:20,1,0,1
BRDA:20,1,1,0
BRF:4
BRH:2
end_of_record
TN:
SF:libs\amplify\amplify\backend\function\getBidOnAdvertsResolver\src\index.js
FN:11,(anonymous_0)
FN:41,(anonymous_1)
FNF:2
FNH:2
FNDA:1,(anonymous_0)
FNDA:18,(anonymous_1)
DA:1,1
DA:2,1
DA:3,1
DA:4,1
DA:11,1
DA:12,1
DA:21,1
DA:22,1
DA:23,1
DA:24,1
DA:27,1
DA:28,40
DA:29,28
DA:30,28
DA:37,1
DA:41,1
DA:42,18
DA:43,18
DA:44,18
LF:19
LH:19
BRDA:28,0,0,28
BRDA:28,0,1,12
BRF:2
BRH:2
end_of_record
TN:
SF:libs\amplify\amplify\backend\function\getChatsResolver\src\index.js
FN:10,(anonymous_0)
FN:19,(anonymous_1)
FNF:2
FNH:2
FNDA:1,(anonymous_0)
FNDA:24,(anonymous_1)
DA:1,1
DA:2,1
DA:3,1
DA:10,1
DA:11,1
DA:19,1
DA:20,24
DA:21,24
LF:8
LH:8
BRF:0
BRH:0
end_of_record
TN:
SF:libs\amplify\amplify\backend\function\getMessagesResolver\src\index.js
FN:10,(anonymous_0)
FN:19,(anonymous_1)
FNF:2
FNH:2
FNDA:1,(anonymous_0)
FNDA:1,(anonymous_1)
DA:1,1
DA:2,1
DA:3,1
DA:10,1
DA:11,1
DA:19,1
DA:20,1
DA:21,1
DA:22,1
LF:9
LH:9
BRF:0
BRH:0
end_of_record
TN:
SF:libs\amplify\amplify\backend\function\getNotificationsResolver\src\index.js
FN:12,(anonymous_0)
FN:22,(anonymous_1)
FNF:2
FNH:2
FNDA:1,(anonymous_0)
FNDA:1,(anonymous_1)
DA:1,1
DA:2,1
DA:4,1
DA:12,1
DA:13,1
DA:21,1
DA:22,1
DA:23,1
LF:8
LH:8
BRF:0
BRH:0
end_of_record
TN:
SF:libs\amplify\amplify\backend\function\getUserReviewsResolver\src\index.js
FN:10,(anonymous_0)
FN:19,(anonymous_1)
FNF:2
FNH:2
FNDA:1,(anonymous_0)
FNDA:12,(anonymous_1)
DA:1,1
DA:2,1
DA:3,1
DA:10,1
DA:11,1
DA:19,1
DA:20,12
DA:24,12
DA:26,12
LF:9
LH:9
BRF:0
BRH:0
end_of_record
TN:
SF:libs\amplify\amplify\backend\function\placeBidResolver\src\index.js
FN:12,(anonymous_0)
FNF:1
FNH:1
FNDA:4,(anonymous_0)
DA:1,3
DA:2,3
DA:3,3
DA:12,3
DA:14,4
DA:15,4
DA:17,4
DA:19,4
DA:32,4
DA:56,4
DA:57,4
DA:58,4
LF:12
LH:12
BRF:0
BRH:0
end_of_record
TN:
SF:libs\amplify\amplify\backend\function\removeAdvertReportResolver\src\index.js
FN:12,(anonymous_0)
FN:21,(anonymous_1)
FN:26,(anonymous_2)
FN:42,(anonymous_3)
FN:43,(anonymous_4)
FNF:5
FNH:3
FNDA:1,(anonymous_0)
FNDA:1,(anonymous_1)
FNDA:1,(anonymous_2)
FNDA:0,(anonymous_3)
FNDA:0,(anonymous_4)
DA:1,1
DA:2,1
DA:3,1
DA:12,1
DA:13,1
DA:21,1
DA:22,1
DA:26,1
DA:30,1
DA:31,0
DA:32,0
DA:35,0
DA:42,0
DA:43,0
DA:45,0
DA:46,0
DA:48,0
DA:53,0
DA:59,1
DA:64,1
DA:66,1
DA:67,1
LF:22
LH:13
BRDA:22,0,0,0
BRDA:22,0,1,1
BRDA:30,1,0,0
BRDA:30,1,1,1
BRDA:45,2,0,0
BRDA:45,2,1,0
BRF:6
BRH:2
end_of_record
TN:
SF:libs\amplify\amplify\backend\function\sendMessageResolver\src\index.js
FN:10,(anonymous_0)
FNF:1
FNH:1
FNDA:1,(anonymous_0)
DA:3,1
DA:4,1
DA:5,1
DA:10,1
DA:11,1
DA:12,1
DA:13,1
DA:15,1
DA:26,1
LF:9
LH:9
BRF:0
BRH:0
end_of_record
TN:
SF:libs\amplify\amplify\backend\function\shortListBidResolver\src\index.js
FN:11,(anonymous_0)
FNF:1
FNH:1
FNDA:1,(anonymous_0)
DA:1,1
DA:2,1
DA:3,1
DA:4,1
DA:11,1
DA:12,1
DA:13,1
DA:26,1
DA:31,1
DA:32,0
DA:33,0
DA:35,1
DA:36,1
DA:41,1
DA:42,1
DA:43,1
DA:45,1
DA:46,1
DA:62,1
DA:74,1
DA:75,1
DA:77,1
DA:78,1
DA:79,1
DA:81,1
LF:25
LH:23
BRDA:31,0,0,0
BRDA:31,0,1,1
BRDA:41,1,0,1
BRDA:41,1,1,0
BRDA:74,2,0,1
BRDA:74,2,1,0
BRF:6
BRH:3
end_of_record
TN:
SF:libs\amplify\amplify\backend\function\viewAdvertsResolver\src\index.js
FN:9,(anonymous_0)
FNF:1
FNH:1
FNDA:1,(anonymous_0)
DA:1,1
DA:2,1
DA:3,1
DA:9,1
DA:10,1
DA:11,1
DA:20,1
DA:21,1
DA:23,1
DA:24,1
DA:25,48
DA:40,1
DA:42,0
LF:13
LH:12
BRF:0
BRH:0
end_of_record
TN:
SF:libs\amplify\amplify\backend\function\viewBidsResolver\src\index.js
FN:8,(anonymous_0)
FNF:1
FNH:1
FNDA:1,(anonymous_0)
DA:1,1
DA:2,1
DA:3,1
DA:8,1
DA:12,1
DA:13,1
DA:21,1
DA:23,1
DA:25,1
DA:26,1
DA:27,1
DA:40,1
DA:42,0
DA:43,0
LF:14
LH:12
BRF:0
BRH:0
end_of_record
TN:
SF:libs\amplify\amplify\backend\function\viewUserResolver\src\index.js
FN:8,(anonymous_0)
FN:16,(anonymous_1)
FNF:2
FNH:2
FNDA:1,(anonymous_0)
FNDA:1,(anonymous_1)
DA:1,1
DA:2,1
DA:3,1
DA:8,1
DA:9,1
DA:16,1
DA:18,1
DA:19,0
DA:22,1
DA:23,1
DA:24,1
DA:26,1
LF:12
LH:11
BRDA:18,0,0,0
BRDA:18,0,1,1
BRF:2
BRH:1
end_of_record
