SF:lib/pages/job_listings.dart
DA:9,2
DA:11,1
DA:13,1
DA:14,1
DA:15,1
DA:16,1
DA:17,1
DA:22,1
DA:23,3
DA:24,1
DA:25,2
LF:11
LH:11
end_of_record
SF:lib/pages/job_details.dart
DA:9,0
DA:11,0
DA:13,0
DA:14,0
DA:15,0
DA:16,0
DA:18,0
DA:20,0
DA:22,0
DA:23,0
DA:25,0
DA:26,0
DA:31,0
DA:32,0
DA:33,0
DA:34,0
DA:35,0
DA:36,0
DA:38,0
DA:39,0
DA:42,0
DA:43,0
DA:51,0
DA:53,0
DA:55,0
DA:56,0
DA:62,0
DA:67,0
DA:73,0
DA:76,0
LF:30
LH:0
end_of_record
SF:lib/pages/create_new_job.dart
DA:10,0
DA:12,0
DA:13,0
DA:22,0
DA:24,0
DA:25,0
DA:26,0
DA:27,0
DA:28,0
DA:31,0
DA:33,0
DA:34,0
DA:35,0
DA:36,0
DA:37,0
DA:40,0
DA:42,0
DA:43,0
DA:45,0
DA:46,0
DA:50,0
DA:51,0
DA:52,0
DA:53,0
DA:54,0
DA:58,0
DA:61,0
DA:64,0
DA:67,0
DA:70,0
DA:71,0
DA:77,0
DA:80,0
DA:81,0
DA:87,0
DA:90,0
DA:91,0
DA:96,0
DA:99,0
DA:101,0
DA:102,0
DA:103,0
DA:104,0
DA:105,0
DA:106,0
DA:107,0
DA:109,0
DA:110,0
DA:111,0
DA:112,0
DA:113,0
DA:115,0
DA:116,0
DA:117,0
LF:54
LH:0
end_of_record
SF:lib/methods/populate_job_listings.dart
DA:15,2
DA:17,1
DA:19,1
DA:20,1
DA:21,1
DA:22,1
DA:23,3
DA:30,1
DA:31,1
DA:33,1
DA:36,1
DA:38,1
DA:39,1
DA:40,0
DA:41,0
DA:43,0
DA:44,0
DA:64,0
DA:67,0
DA:69,0
DA:70,0
DA:71,0
DA:73,0
DA:74,0
DA:76,0
DA:78,0
DA:79,0
DA:82,0
DA:83,0
DA:84,0
DA:85,0
DA:86,0
DA:88,0
DA:90,0
DA:91,0
DA:93,0
LF:36
LH:13
end_of_record
